This is pdfTeX, Version 3.14159265-2.6-1.40.19 (TeX Live 2018) (preloaded format=pdftex 2018.12.10)  11 DEC 2018 01:15
entering extended mode
 restricted \write18 enabled.
 %&-line parsing enabled.
**IMP_11510511.tex
(./IMP_11510511.tex
! Undefined control sequence.
l.1 \documentclass
                  [conference,compsoc]{IEEEtran}
? 
! Interruption.
<to be read again> 
                   [
l.1 \documentclass[
                   conference,compsoc]{IEEEtran}
? 
! Undefined control sequence.
l.5 \ifCLASSOPTIONcompsoc
                         
? 
! Undefined control sequence.
l.8   \usepackage
                 [nocompress]{cite}
? 
! Extra \else.
l.9 \else
         
? 
! Undefined control sequence.
l.11   \usepackage
                  {cite}
? 
! Extra \fi.
l.12 \fi
        
? 
! Undefined control sequence.
l.13 \usepackage
                {amsmath}
? 
! Undefined control sequence.
l.14 \usepackage
                {algorithm}
? 
! Undefined control sequence.
l.15 \usepackage
                {algorithmic}
? 
! Undefined control sequence.
l.16 \renewcommand
                  {\algorithmicrequire}{\textbf{Input:}}
? 
! Undefined control sequence.
l.16 \renewcommand{\algorithmicrequire
                                      }{\textbf{Input:}}
? 
! Undefined control sequence.
l.16 \renewcommand{\algorithmicrequire}{\textbf
                                               {Input:}}
? 
! Undefined control sequence.
l.17 \renewcommand
                  {\algorithmicensure}{\textbf{Output:}}
? 
! Undefined control sequence.
l.17 \renewcommand{\algorithmicensure
                                     }{\textbf{Output:}}
? 
! Undefined control sequence.
l.17 \renewcommand{\algorithmicensure}{\textbf
                                              {Output:}}
? 
! Undefined control sequence.
l.18 \usepackage
                {array}
? 
! Undefined control sequence.
l.19 \usepackage
                {url}
? 
! Undefined control sequence.
l.23 \begin
           {document}
? 
! Undefined control sequence.
l.24 \title
           {Project3: IMP}
? 
! Undefined control sequence.
l.26 \author
            {\IEEEauthorblockN{Yuejian MO  11510511}
? 
! Undefined control sequence.
l.26 \author{\IEEEauthorblockN
                              {Yuejian MO  11510511}
? 
! Undefined control sequence.
l.27 \IEEEauthorblockA
                      {Department of Biology\\
? 
! Argument of \\ has an extra }.
<inserted text> 
                \par 
<to be read again> 
                   }
l.29 Email: 11510511@mail.sustc.edu.cn}
                                       }
? 
Runaway argument?
 Southern Unviersity of Science and Technology\\ Email: 11510511@mail\ETC.
! Paragraph ended before \\ was complete.
<to be read again> 
                   \par 
<to be read again> 
                   }
l.29 Email: 11510511@mail.sustc.edu.cn}
                                       }
? 
! Undefined control sequence.
l.31 \maketitle
               
? 
! Undefined control sequence.
l.33 \IEEEpeerreviewmaketitle
                             
? 
! Undefined control sequence.
l.36 \section
             {Preliminaries}
? 
! Undefined control sequence.
l.52 \subsection
                {Software}
? 
! Undefined control sequence.
l.55 \subsection
                {Algorithm}
? 
! Undefined control sequence.
l.59 \section
             {Methodology}
? 
! Undefined control sequence.
l.61 \subsection
                {Representation}
? 
! Undefined control sequence.
l.65 \subsection
                {Architecture}
? 
! Undefined control sequence.
l.68 \subsection
                {Detail of Algorithm}
? 
! Undefined control sequence.
l.71 \section
             {Empirical Verification}
? 
! Undefined control sequence.
l.74 \subsection
                {Design}
? 
! Undefined control sequence.
l.76 \subsection
                {Data and data structure}
? 
! Undefined control sequence.
l.78 \subsection
                {Performance}
? 
! Undefined control sequence.
l.80 \subsection
                {Result}
? 
! Undefined control sequence.
l.82 \subsection
                {Analysis}
? 
! Undefined control sequence.
l.86 \section
             *{Acknowledgment}
? 
! Undefined control sequence.
l.88 \bibliographystyle
                       {IEEEtran}
? 
! Undefined control sequence.
l.90 \begin
           {thebibliography}{1}
? 
! Undefined control sequence.
l.91 \bibitem
             {reference} XXXXXXX
? 
[1{/usr/share/texlive/texmf-dist/fonts/map/pdftex/updmap/pdftex.map}] )</usr/sh
are/texlive/texmf-dist/fonts/type1/public/amsfonts/cm/cmmi10.pfb></usr/share/te
xlive/texmf-dist/fonts/type1/public/amsfonts/cm/cmmi7.pfb></usr/share/texlive/t
exmf-dist/fonts/type1/public/amsfonts/cm/cmr10.pfb></usr/share/texlive/texmf-di
st/fonts/type1/public/amsfonts/cm/cmr7.pfb>
Output written on IMP_11510511.pdf (1 page, 48062 bytes).
PDF statistics:
 24 PDF objects out of 1000 (max. 8388607)
 16 compressed objects within 1 object stream
 0 named destinations out of 1000 (max. 500000)
 1 words of extra memory for PDF output out of 10000 (max. 10000000)

