95815
39601
24304
17458
11292
11165
8192
7012
6635
4696
6095
4635
3596
3149
3244
2486
2882
2327
2279
2014
2072
1833
1730
1931
1468
1498
1532
1265
1355
817
1257
1175
1058
876
1016
904
1090
894
701
686
839
644
641
625
759
663
673
663
627
548
764
629
604
474
526
554
604
716
501
590
553
502
315
365
358
407
435
491
446
327
389
350
333
349
270
354
366
375
271
405
302
355
315
292
310
335
285
239
265
295
277
282
264
295
248
231
236
227
240
221
234
247
317
237
216
253
248
242
221
243
230
249
231
235
237
203
196
168
178
192
242
159
211
162
194
161
185
154
184
235
142
184
180
192
182
208
162
188
151
159
175
166
185
171
147
176
130
138
175
164
154
138
216
171
137
161
152
146
125
153
165
128
163
128
161
142
147
143
102
141
112
153
125
123
107
115
142
125
80
81
106
121
118
111
139
117
137
138
120
126
167
129
144
118
104
124
127
131
121
128
109
117
86
121
135
64
133
140
87
102
74
107
117
101
108
124
113
119
110
101
117
104
125
114
138
118
83
115
137
100
111
84
96
79
118
72
92
87
128
101
75
77
81
101
125
99
97
111
103
96
103
94
110
106
99
79
87
101
98
93
94
95
91
82
99
105
85
85
90
83
82
94
85
100
93
95
59
93
87
83
106
79
88
99
77
64
71
77
75
76
85
85
73
70
82
67
78
82
72
86
102
89
101
59
68
60
65
81
79
70
76
75
70
69
79
82
83
78
73
78
69
55
60
91
85
67
74
79
63
78
66
71
70
61
72
63
73
62
74
70
63
71
93
63
65
65
71
85
84
72
76
55
82
84
77
54
69
63
64
62
71
49
73
75
69
72
89
62
65
81
66
61
75
70
89
74
65
77
51
75
55
42
49
66
76
55
57
64
73
71
68
56
77
64
66
77
66
69
72
67
49
55
66
53
58
50
62
59
43
61
51
47
54
62
65
55
56
59
65
60
55
60
60
48
44
61
53
62
62
55
55
71
53
63
51
52
53
51
58
48
67
62
56
62
47
64
62
68
46
62
55
63
59
58
54
55
48
56
49
64
62
65
61
56
49
49
54
40
72
74
59
44
64
51
54
61
59
64
63
53
58
58
59
52
55
62
63
57
51
46
44
51
46
57
66
65
52
33
51
45
46
60
53
48
55
46
58
49
59
61
56
50
54
60
50
59
58
46
50
52
54
58
48
51
54
57
54
52
53
56
47
33
42
49
54
52
61
50
60
49
48
57
48
52
50
55
49
51
54
56
46
63
62
53
51
56
45
48
55
59
51
35
41
41
56
58
49
44
49
56
49
50
48
54
58
46
55
58
43
26
49
50
45
42
47
43
32
51
46
56
50
47
51
36
47
44
54
53
42
42
60
49
58
48
55
50
57
44
47
54
53
55
52
51
50
45
42
43
52
44
43
40
46
49
52
41
56
50
49
43
48
51
49
46
48
41
47
54
49
49
49
44
41
38
52
51
43
48
45
40
41
43
51
49
47
51
40
51
42
55
47
59
42
49
41
46
50
46
48
45
50
43
51
46
30
56
50
40
48
43
42
40
45
46
45
46
54
45
33
43
46
37
43
39
39
39
41
42
38
43
44
50
42
46
45
38
41
51
52
41
42
43
47
52
53
41
43
44
41
49
38
48
42
47
44
55
40
32
42
54
37
37
39
40
41
39
40
40
54
43
41
34
45
42
47
35
42
46
44
51
43
43
38
46
39
39
40
46
41
34
47
39
46
35
45
42
40
43
48
39
45
37
41
40
45
46
49
46
43
47
35
46
42
43
42
37
36
44
45
44
43
40
39
41
36
41
42
38
43
40
40
40
42
42
44
34
46
40
36
47
45
39
45
40
39
42
41
38
44
45
38
41
38
42
45
34
39
41
36
40
45
31
41
44
43
36
43
41
41
34
46
45
46
46
42
43
39
40
41
41
38
39
45
40
39
29
37
40
45
34
35
41
43
37
49
41
43
46
39
45
41
36
36
33
40
32
48
46
36
37
42
41
37
43
36
35
35
42
47
32
45
43
43
39
40
29
37
41
34
41
35
34
37
42
38
39
39
41
37
42
36
43
35
43
41
37
39
33
34
37
34
31
38
37
38
39
40
32
37
37
42
44
40
36
40
35
42
45
41
44
37
37
35
33
41
40
37
40
39
39
44
35
34
43
39
39
35
40
45
37
38
35
36
42
34
44
39
36
38
36
43
43
36
44
38
39
41
32
38
42
40
26
39
40
28
39
40
38
37
39
37
39
41
39
37
32
36
37
35
35
